This is pdfTeX, Version 3.14159265-2.6-1.40.21 (MiKTeX 20.7) (preloaded format=pdflatex 2020.9.21)  3 OCT 2020 21:48
entering extended mode
**c:/Users/crobe/Desktop/ESC101/Assignments/PersonalEngineeringRecommendation/ESC101_Assignment02_RobertPurcaru.tex
(c:/Users/crobe/Desktop/ESC101/Assignments/PersonalEngineeringRecommendation/ESC101_Assignment02_RobertPurcaru.tex
LaTeX2e <2020-02-02> patch level 5
L3 programming layer <2020-09-03> ("C:\Users\crobe\AppData\Local\Programs\MiKTeX 2.9\tex/latex/base\article.cls"
Document Class: article 2019/12/20 v1.4l Standard LaTeX document class
("C:\Users\crobe\AppData\Local\Programs\MiKTeX 2.9\tex/latex/base\size11.clo"
File: size11.clo 2019/12/20 v1.4l Standard LaTeX file (size option)
)
\c@part=\count168
\c@section=\count169
\c@subsection=\count170
\c@subsubsection=\count171
\c@paragraph=\count172
\c@subparagraph=\count173
\c@figure=\count174
\c@table=\count175
\abovecaptionskip=\skip47
\belowcaptionskip=\skip48
\bibindent=\dimen134
) ("C:\Users\crobe\AppData\Local\Programs\MiKTeX 2.9\tex/latex/base\textcomp.sty"
Package: textcomp 2020/02/02 v2.0n Standard LaTeX package
) ("C:\Users\crobe\AppData\Local\Programs\MiKTeX 2.9\tex/latex/was\gensymb.sty"
Package: gensymb 2003/07/02 v1.0 (WaS)
) ("C:\Users\crobe\AppData\Local\Programs\MiKTeX 2.9\tex/latex/geometry\geometry.sty"
Package: geometry 2020/01/02 v5.9 Page Geometry
 ("C:\Users\crobe\AppData\Local\Programs\MiKTeX 2.9\tex/latex/graphics\keyval.sty"
Package: keyval 2014/10/28 v1.15 key=value parser (DPC)
\KV@toks@=\toks15
) ("C:\Users\crobe\AppData\Local\Programs\MiKTeX 2.9\tex/generic/iftex\ifvtex.sty"
Package: ifvtex 2019/10/25 v1.7 ifvtex legacy package. Use iftex instead.
 ("C:\Users\crobe\AppData\Local\Programs\MiKTeX 2.9\tex/generic/iftex\iftex.sty"
Package: iftex 2020/03/06 v1.0d TeX engine tests
))
\Gm@cnth=\count176
\Gm@cntv=\count177
\c@Gm@tempcnt=\count178
\Gm@bindingoffset=\dimen135
\Gm@wd@mp=\dimen136
\Gm@odd@mp=\dimen137
\Gm@even@mp=\dimen138
\Gm@layoutwidth=\dimen139
\Gm@layoutheight=\dimen140
\Gm@layouthoffset=\dimen141
\Gm@layoutvoffset=\dimen142
\Gm@dimlist=\toks16
 ("C:\Users\crobe\AppData\Local\Programs\MiKTeX 2.9\tex/latex/geometry\geometry.cfg")) ("C:\Users\crobe\AppData\Local\Programs\MiKTeX 2.9\tex/generic/babel\babel.sty"
Package: babel 2020/09/01 3.48 The Babel package
 ("C:\Users\crobe\AppData\Local\Programs\MiKTeX 2.9\tex/generic/babel\babel.def"
File: babel.def 2020/09/01 3.48 Babel common definitions
\babel@savecnt=\count179
\U@D=\dimen143
\l@babelnohyphens=\language83
 ("C:\Users\crobe\AppData\Local\Programs\MiKTeX 2.9\tex/generic/babel\txtbabel.def")
\bbl@readstream=\read2
)
\bbl@dirlevel=\count180

*************************************
* Local config file bblopts.cfg used
*
("C:\Users\crobe\AppData\Local\Programs\MiKTeX 2.9\tex/latex/arabi\bblopts.cfg"
File: bblopts.cfg 2005/09/08 v0.1 add Arabic and Farsi to "declared" options of babel
) ("C:\Users\crobe\AppData\Local\Programs\MiKTeX 2.9\tex/latex/babel-english\english.ldf"
Language: english 2017/06/06 v3.3r English support from the babel system
Package babel Info: \l@canadian = using hyphenrules for english
(babel)             (\language0) on input line 102.
Package babel Info: \l@australian = using hyphenrules for ukenglish
(babel)             (\language77) on input line 105.
Package babel Info: \l@newzealand = using hyphenrules for ukenglish
(babel)             (\language77) on input line 108.
)) ("C:\Users\crobe\AppData\Local\Programs\MiKTeX 2.9\tex/latex/xcolor\xcolor.sty"
Package: xcolor 2016/05/11 v2.12 LaTeX color extensions (UK)
 ("C:\Users\crobe\AppData\Local\Programs\MiKTeX 2.9\tex/latex/graphics-cfg\color.cfg"
File: color.cfg 2016/01/02 v1.6 sample color configuration
)
Package xcolor Info: Driver file: pdftex.def on input line 225.
 ("C:\Users\crobe\AppData\Local\Programs\MiKTeX 2.9\tex/latex/graphics-def\pdftex.def"
File: pdftex.def 2020/08/26 v1.2 Graphics/color driver for pdftex
)
Package xcolor Info: Model `cmy' substituted by `cmy0' on input line 1348.
Package xcolor Info: Model `hsb' substituted by `rgb' on input line 1352.
Package xcolor Info: Model `RGB' extended on input line 1364.
Package xcolor Info: Model `HTML' substituted by `rgb' on input line 1366.
Package xcolor Info: Model `Hsb' substituted by `hsb' on input line 1367.
Package xcolor Info: Model `tHsb' substituted by `hsb' on input line 1368.
Package xcolor Info: Model `HSB' substituted by `hsb' on input line 1369.
Package xcolor Info: Model `Gray' substituted by `gray' on input line 1370.
Package xcolor Info: Model `wave' substituted by `hsb' on input line 1371.
 ("C:\Users\crobe\AppData\Local\Programs\MiKTeX 2.9\tex/latex/graphics\dvipsnam.def"
File: dvipsnam.def 2016/06/17 v3.0m Driver-dependent file (DPC,SPQR)
)) ("C:\Users\crobe\AppData\Local\Programs\MiKTeX 2.9\tex/latex/float\float.sty"
Package: float 2001/11/08 v1.3d Float enhancements (AL)
\c@float@type=\count181
\float@exts=\toks17
\float@box=\box45
\@float@everytoks=\toks18
\@floatcapt=\box46
) ("C:\Users\crobe\AppData\Local\Programs\MiKTeX 2.9\tex/latex/caption\caption.sty"
Package: caption 2020/09/02 v3.5a Customizing captions (AR)
 ("C:\Users\crobe\AppData\Local\Programs\MiKTeX 2.9\tex/latex/caption\caption3.sty"
Package: caption3 2020/08/30 v2.0 caption3 kernel (AR)
\captionmargin=\dimen144
\captionmargin@=\dimen145
\captionwidth=\dimen146
\caption@tempdima=\dimen147
\caption@indent=\dimen148
\caption@parindent=\dimen149
\caption@hangindent=\dimen150
Package caption Info: Standard document class detected.
)
\c@caption@flags=\count182
\c@continuedfloat=\count183
Package caption Info: float package is loaded.
) ("C:\Users\crobe\AppData\Local\Programs\MiKTeX 2.9\tex/latex/graphics\graphicx.sty"
Package: graphicx 2019/11/30 v1.2a Enhanced LaTeX Graphics (DPC,SPQR)
 ("C:\Users\crobe\AppData\Local\Programs\MiKTeX 2.9\tex/latex/graphics\graphics.sty"
Package: graphics 2019/11/30 v1.4a Standard LaTeX Graphics (DPC,SPQR)
 ("C:\Users\crobe\AppData\Local\Programs\MiKTeX 2.9\tex/latex/graphics\trig.sty"
Package: trig 2016/01/03 v1.10 sin cos tan (DPC)
) ("C:\Users\crobe\AppData\Local\Programs\MiKTeX 2.9\tex/latex/graphics-cfg\graphics.cfg"
File: graphics.cfg 2016/06/04 v1.11 sample graphics configuration
)
Package graphics Info: Driver file: pdftex.def on input line 105.
)
\Gin@req@height=\dimen151
\Gin@req@width=\dimen152
) ("C:\Users\crobe\AppData\Local\Programs\MiKTeX 2.9\tex/latex/url\url.sty"
\Urlmuskip=\muskip16
Package: url 2013/09/16  ver 3.4  Verb mode for urls, etc.
) ("C:\Users\crobe\AppData\Local\Programs\MiKTeX 2.9\tex/latex/hyperref\hyperref.sty"
Package: hyperref 2020-05-15 v7.00e Hypertext links for LaTeX
 ("C:\Users\crobe\AppData\Local\Programs\MiKTeX 2.9\tex/generic/ltxcmds\ltxcmds.sty"
Package: ltxcmds 2019/12/15 v1.24 LaTeX kernel commands for general use (HO)
) ("C:\Users\crobe\AppData\Local\Programs\MiKTeX 2.9\tex/generic/pdftexcmds\pdftexcmds.sty"
Package: pdftexcmds 2020-06-27 v0.33 Utility functions of pdfTeX for LuaTeX (HO)
 ("C:\Users\crobe\AppData\Local\Programs\MiKTeX 2.9\tex/generic/infwarerr\infwarerr.sty"
Package: infwarerr 2019/12/03 v1.5 Providing info/warning/error messages (HO)
)
Package pdftexcmds Info: \pdf@primitive is available.
Package pdftexcmds Info: \pdf@ifprimitive is available.
Package pdftexcmds Info: \pdfdraftmode found.
) ("C:\Users\crobe\AppData\Local\Programs\MiKTeX 2.9\tex/generic/kvsetkeys\kvsetkeys.sty"
Package: kvsetkeys 2019/12/15 v1.18 Key value parser (HO)
) ("C:\Users\crobe\AppData\Local\Programs\MiKTeX 2.9\tex/generic/kvdefinekeys\kvdefinekeys.sty"
Package: kvdefinekeys 2019-12-19 v1.6 Define keys (HO)
) ("C:\Users\crobe\AppData\Local\Programs\MiKTeX 2.9\tex/generic/pdfescape\pdfescape.sty"
Package: pdfescape 2019/12/09 v1.15 Implements pdfTeX's escape features (HO)
) ("C:\Users\crobe\AppData\Local\Programs\MiKTeX 2.9\tex/latex/hycolor\hycolor.sty"
Package: hycolor 2020-01-27 v1.10 Color options for hyperref/bookmark (HO)
) ("C:\Users\crobe\AppData\Local\Programs\MiKTeX 2.9\tex/latex/letltxmacro\letltxmacro.sty"
Package: letltxmacro 2019/12/03 v1.6 Let assignment for LaTeX macros (HO)
) ("C:\Users\crobe\AppData\Local\Programs\MiKTeX 2.9\tex/latex/auxhook\auxhook.sty"
Package: auxhook 2019-12-17 v1.6 Hooks for auxiliary files (HO)
) ("C:\Users\crobe\AppData\Local\Programs\MiKTeX 2.9\tex/latex/kvoptions\kvoptions.sty"
Package: kvoptions 2019/11/29 v3.13 Key value format for package options (HO)
)
\@linkdim=\dimen153
\Hy@linkcounter=\count184
\Hy@pagecounter=\count185
 ("C:\Users\crobe\AppData\Local\Programs\MiKTeX 2.9\tex/latex/hyperref\pd1enc.def"
File: pd1enc.def 2020-05-15 v7.00e Hyperref: PDFDocEncoding definition (HO)
Now handling font encoding PD1 ...
... no UTF-8 mapping file for font encoding PD1
) ("C:\Users\crobe\AppData\Local\Programs\MiKTeX 2.9\tex/generic/intcalc\intcalc.sty"
Package: intcalc 2019/12/15 v1.3 Expandable calculations with integers (HO)
) ("C:\Users\crobe\AppData\Local\Programs\MiKTeX 2.9\tex/generic/etexcmds\etexcmds.sty"
Package: etexcmds 2019/12/15 v1.7 Avoid name clashes with e-TeX commands (HO)
)
\Hy@SavedSpaceFactor=\count186
Package hyperref Info: Hyper figures OFF on input line 4464.
Package hyperref Info: Link nesting OFF on input line 4469.
Package hyperref Info: Hyper index ON on input line 4472.
Package hyperref Info: Plain pages OFF on input line 4479.
Package hyperref Info: Backreferencing OFF on input line 4484.
Package hyperref Info: Implicit mode ON; LaTeX internals redefined.
Package hyperref Info: Bookmarks ON on input line 4717.
\c@Hy@tempcnt=\count187
LaTeX Info: Redefining \url on input line 5076.
\XeTeXLinkMargin=\dimen154
 ("C:\Users\crobe\AppData\Local\Programs\MiKTeX 2.9\tex/generic/bitset\bitset.sty"
Package: bitset 2019/12/09 v1.3 Handle bit-vector datatype (HO)
 ("C:\Users\crobe\AppData\Local\Programs\MiKTeX 2.9\tex/generic/bigintcalc\bigintcalc.sty"
Package: bigintcalc 2019/12/15 v1.5 Expandable calculations on big integers (HO)
))
\Fld@menulength=\count188
\Field@Width=\dimen155
\Fld@charsize=\dimen156
Package hyperref Info: Hyper figures OFF on input line 6347.
Package hyperref Info: Link nesting OFF on input line 6352.
Package hyperref Info: Hyper index ON on input line 6355.
Package hyperref Info: backreferencing OFF on input line 6362.
Package hyperref Info: Link coloring OFF on input line 6367.
Package hyperref Info: Link coloring with OCG OFF on input line 6372.
Package hyperref Info: PDF/A mode OFF on input line 6377.
LaTeX Info: Redefining \ref on input line 6417.
LaTeX Info: Redefining \pageref on input line 6421.
 ("C:\Users\crobe\AppData\Local\Programs\MiKTeX 2.9\tex/generic/atbegshi\atbegshi.sty"
Package: atbegshi 2019/12/05 v1.19 At begin shipout hook (HO)
)
\Hy@abspage=\count189
\c@Item=\count190
\c@Hfootnote=\count191
)
Package hyperref Info: Driver (autodetected): hpdftex.
 ("C:\Users\crobe\AppData\Local\Programs\MiKTeX 2.9\tex/latex/hyperref\hpdftex.def"
File: hpdftex.def 2020-05-15 v7.00e Hyperref driver for pdfTeX
 ("C:\Users\crobe\AppData\Local\Programs\MiKTeX 2.9\tex/latex/atveryend\atveryend.sty"
Package: atveryend 2019-12-11 v1.11 Hooks at the very end of document (HO)
Package atveryend Info: \enddocument detected (standard20110627).
)
\Fld@listcount=\count192
\c@bookmark@seq@number=\count193
 ("C:\Users\crobe\AppData\Local\Programs\MiKTeX 2.9\tex/latex/rerunfilecheck\rerunfilecheck.sty"
Package: rerunfilecheck 2019/12/05 v1.9 Rerun checks for auxiliary files (HO)
 ("C:\Users\crobe\AppData\Local\Programs\MiKTeX 2.9\tex/generic/uniquecounter\uniquecounter.sty"
Package: uniquecounter 2019/12/15 v1.4 Provide unlimited unique counter (HO)
)
Package uniquecounter Info: New unique counter `rerunfilecheck' on input line 286.
)
\Hy@SectionHShift=\skip49
)
Package hyperref Info: Option `colorlinks' set `false' on input line 11.
Package hyperref Info: Option `breaklinks' set `false' on input line 11.
 ("C:\Users\crobe\AppData\Local\Programs\MiKTeX 2.9\tex/latex/l3backend\l3backend-pdftex.def"
File: l3backend-pdftex.def 2020-09-01 L3 backend support: PDF output (pdfTeX)
\l__kernel_color_stack_int=\count194
\l__pdf_internal_box=\box47
) (c:/Users\crobe\Desktop\ESC101\Assignments\PersonalEngineeringRecommendation\ESC101_Assignment02_RobertPurcaru.aux)
\openout1 = `ESC101_Assignment02_RobertPurcaru.aux'.

LaTeX Font Info:    Checking defaults for OML/cmm/m/it on input line 15.
LaTeX Font Info:    ... okay on input line 15.
LaTeX Font Info:    Checking defaults for OMS/cmsy/m/n on input line 15.
LaTeX Font Info:    ... okay on input line 15.
LaTeX Font Info:    Checking defaults for OT1/cmr/m/n on input line 15.
LaTeX Font Info:    ... okay on input line 15.
LaTeX Font Info:    Checking defaults for T1/cmr/m/n on input line 15.
LaTeX Font Info:    ... okay on input line 15.
LaTeX Font Info:    Checking defaults for TS1/cmr/m/n on input line 15.
LaTeX Font Info:    ... okay on input line 15.
LaTeX Font Info:    Checking defaults for OMX/cmex/m/n on input line 15.
LaTeX Font Info:    ... okay on input line 15.
LaTeX Font Info:    Checking defaults for U/cmr/m/n on input line 15.
LaTeX Font Info:    ... okay on input line 15.
LaTeX Font Info:    Checking defaults for PD1/pdf/m/n on input line 15.
LaTeX Font Info:    ... okay on input line 15.
\symgns@font=\mathgroup4
LaTeX Font Info:    Overwriting symbol font `gns@font' in version `bold'
(Font)                  TS1/cmr/m/n --> TS1/cmr/b/n on input line 15.
Package gensymb Info: Math companion symbols declared on input line 15.
LaTeX Info: Redefining \degree on input line 15.
LaTeX Info: Redefining \celsius on input line 15.
Package gensymb Info: Using text companion symbols for \degree, \celsius and \perthousand on input line 15.
LaTeX Info: Redefining \ohm on input line 15.
Package gensymb Info: Using \textohm for \ohm on input line 15.
Package gensymb Info: Using \textmu for \micro on input line 15.

*geometry* driver: auto-detecting
*geometry* detected driver: pdftex
*geometry* verbose mode - [ preamble ] result:
* driver: pdftex
* paper: letterpaper
* layout: <same size as paper>
* layoutoffset:(h,v)=(0.0pt,0.0pt)
* modes: 
* h-part:(L,W,R)=(72.26999pt, 469.75502pt, 72.26999pt)
* v-part:(T,H,B)=(72.26999pt, 650.43001pt, 72.26999pt)
* \paperwidth=614.295pt
* \paperheight=794.96999pt
* \textwidth=469.75502pt
* \textheight=650.43001pt
* \oddsidemargin=0.0pt
* \evensidemargin=0.0pt
* \topmargin=-37.0pt
* \headheight=12.0pt
* \headsep=25.0pt
* \topskip=11.0pt
* \footskip=30.0pt
* \marginparwidth=59.0pt
* \marginparsep=10.0pt
* \columnsep=10.0pt
* \skip\footins=10.0pt plus 4.0pt minus 2.0pt
* \hoffset=0.0pt
* \voffset=0.0pt
* \mag=1000
* \@twocolumnfalse
* \@twosidefalse
* \@mparswitchfalse
* \@reversemarginfalse
* (1in=72.27pt=25.4mm, 1cm=28.453pt)

("C:\Users\crobe\AppData\Local\Programs\MiKTeX 2.9\tex/context/base/mkii\supp-pdf.mkii"
[Loading MPS to PDF converter (version 2006.09.02).]
\scratchcounter=\count195
\scratchdimen=\dimen157
\scratchbox=\box48
\nofMPsegments=\count196
\nofMParguments=\count197
\everyMPshowfont=\toks19
\MPscratchCnt=\count198
\MPscratchDim=\dimen158
\MPnumerator=\count199
\makeMPintoPDFobject=\count266
\everyMPtoPDFconversion=\toks20
) ("C:\Users\crobe\AppData\Local\Programs\MiKTeX 2.9\tex/latex/epstopdf-pkg\epstopdf-base.sty"
Package: epstopdf-base 2020-01-24 v2.11 Base part for package epstopdf
Package epstopdf-base Info: Redefining graphics rule for `.eps' on input line 485.
)
Package caption Info: Begin \AtBeginDocument code.
Package caption Info: hyperref package is loaded.
Package caption Info: End \AtBeginDocument code.
\AtBeginShipoutBox=\box49
Package hyperref Info: Link coloring OFF on input line 15.
 ("C:\Users\crobe\AppData\Local\Programs\MiKTeX 2.9\tex/latex/hyperref\nameref.sty"
Package: nameref 2019/09/16 v2.46 Cross-referencing by name of section
 ("C:\Users\crobe\AppData\Local\Programs\MiKTeX 2.9\tex/latex/refcount\refcount.sty"
Package: refcount 2019/12/15 v3.6 Data extraction from label references (HO)
) ("C:\Users\crobe\AppData\Local\Programs\MiKTeX 2.9\tex/generic/gettitlestring\gettitlestring.sty"
Package: gettitlestring 2019/12/15 v1.6 Cleanup title references (HO)
)
\c@section@level=\count267
)
LaTeX Info: Redefining \ref on input line 15.
LaTeX Info: Redefining \pageref on input line 15.
LaTeX Info: Redefining \nameref on input line 15.
 (c:/Users\crobe\Desktop\ESC101\Assignments\PersonalEngineeringRecommendation\ESC101_Assignment02_RobertPurcaru.out) (c:/Users\crobe\Desktop\ESC101\Assignments\PersonalEngineeringRecommendation\ESC101_Assignment02_RobertPurcaru.out)
\@outlinefile=\write3
\openout3 = `ESC101_Assignment02_RobertPurcaru.out'.

LaTeX Font Info:    External font `cmex10' loaded for size
(Font)              <12> on input line 20.
LaTeX Font Info:    External font `cmex10' loaded for size
(Font)              <8> on input line 20.
LaTeX Font Info:    External font `cmex10' loaded for size
(Font)              <6> on input line 20.
LaTeX Font Info:    External font `cmex10' loaded for size
(Font)              <10.95> on input line 33.
 [1

{C:/Users/crobe/AppData/Local/MiKTeX/2.9/pdftex/config/pdftex.map}]
<./images/Winglets.PNG, id=66, 352.61737pt x 435.72787pt>
File: ./images/Winglets.PNG Graphic file (type png)
<use ./images/Winglets.PNG>
Package pdftex.def Info: ./images/Winglets.PNG  used on input line 48.
(pdftex.def)             Requested size: 144.54pt x 178.60968pt.
 [2]
<./images/chairDiagram.PNG, id=86, 722.39888pt x 221.628pt>
File: ./images/chairDiagram.PNG Graphic file (type png)
<use ./images/chairDiagram.PNG>
Package pdftex.def Info: ./images/chairDiagram.PNG  used on input line 60.
(pdftex.def)             Requested size: 433.62pt x 133.03531pt.
 [3 <./images/Winglets.PNG> <./images/chairDiagram.PNG>]
Underfull \hbox (badness 10000) in paragraph at lines 81--82
[]\OT1/cmr/m/n/10.95 GTRacing
 []


Underfull \hbox (badness 10000) in paragraph at lines 93--94
[]\OT1/cmr/m/n/10.95 Speedster
 []


Underfull \hbox (badness 10000) in paragraph at lines 132--133
[][]\OT1/cmr/m/n/10.95 Adjustable
 []


Underfull \hbox (badness 10000) in paragraph at lines 135--136
[][]\OT1/cmr/m/n/10.95 Adjustable
 []


Underfull \hbox (badness 10000) in paragraph at lines 138--139
[][]\OT1/cmr/m/n/10.95 Adjustable
 []


Underfull \hbox (badness 10000) in paragraph at lines 141--142
[][]\OT1/cmr/m/n/10.95 Adjustable
 []


Underfull \hbox (badness 10000) in paragraph at lines 144--145
[][]\OT1/cmr/m/n/10.95 Adjustable
 []


Underfull \hbox (badness 10000) in paragraph at lines 153--154
[][]\OT1/cmr/m/n/10.95 Polyurethane
 []


Underfull \hbox (badness 10000) in paragraph at lines 154--155
[][]\OT1/cmr/m/n/10.95 Polyurethane
 []


Underfull \hbox (badness 10000) in paragraph at lines 171--172
[]\OT1/cmr/m/n/10.95 Recommended
 []


Underfull \hbox (badness 10000) in paragraph at lines 172--173
[]\OT1/cmr/m/n/10.95 Recommended
 []


Underfull \hbox (badness 10000) in paragraph at lines 173--174
[]\OT1/cmr/m/n/10.95 Seat ad-justs
 []


Underfull \hbox (badness 10000) in paragraph at lines 173--174
\OT1/cmr/m/n/10.95 back-rest sits
 []


Underfull \hbox (badness 10000) in paragraph at lines 174--175
[]\OT1/cmr/m/n/10.95 Seat ad-justs
 []


Underfull \hbox (badness 10000) in paragraph at lines 174--175
\OT1/cmr/m/n/10.95 back-rest sits
 []


Underfull \hbox (badness 10000) in paragraph at lines 174--175
[]\OT1/cmr/m/n/10.95 21.8"[] above
 []


Underfull \hbox (badness 10000) in paragraph at lines 175--177
[]\OT1/cmr/m/n/10.95 Seat ad-justs
 []


Underfull \hbox (badness 10000) in paragraph at lines 175--177
[]\OT1/cmr/m/n/10.95 be-tween 19in
 []


Underfull \hbox (badness 1824) in paragraph at lines 175--177
\OT1/cmr/m/n/10.95 and 22in[] and
 []


Underfull \hbox (badness 10000) in paragraph at lines 175--177
\OT1/cmr/m/n/10.95 back-rest sits
 []


Overfull \hbox (37.86491pt too wide) in paragraph at lines 78--206
 [] 
 []

[4] [5] [6]
Overfull \hbox (43.09712pt too wide) in paragraph at lines 240--241
\OT1/cmr/bx/n/10.95 GTRacing Chair with Footrest: []$\OT1/cmtt/m/n/10.95 https : / / www . amazon . ca / dp / B087CQ214R / ref = twister _ B089CS5V89 ?
 []

<./images/GTRacingChair.PNG, id=114, 295.70474pt x 480.89662pt>
File: ./images/GTRacingChair.PNG Graphic file (type png)
<use ./images/GTRacingChair.PNG>
Package pdftex.def Info: ./images/GTRacingChair.PNG  used on input line 242.
(pdftex.def)             Requested size: 133.31406pt x 216.81pt.

Overfull \hbox (72.62163pt too wide) in paragraph at lines 246--247
\OT1/cmtt/m/n/10.95 a5f9e780 -[] 487d -[] 4881 -[] a2b8 -[] b9a00c4b0707 & pf _ rd _ r = XYT5E2V9ZKMQWQ8NMZRH & refRID = XYT5E2V9ZKMQWQ8NMZRH &
 []

<./images/VonRacer.PNG, id=116, 299.61937pt x 376.10512pt>
File: ./images/VonRacer.PNG Graphic file (type png)
<use ./images/VonRacer.PNG>
Package pdftex.def Info: ./images/VonRacer.PNG  used on input line 248.
(pdftex.def)             Requested size: 172.72327pt x 216.81pt.
[7 <./images/GTRacingChair.PNG> <./images/VonRacer.PNG>]
<./images/Executive and Manager.PNG, id=131, 244.81462pt x 437.53462pt>
File: ./images/Executive and Manager.PNG Graphic file (type png)
<use ./images/Executive and Manager.PNG>
Package pdftex.def Info: ./images/Executive and Manager.PNG  used on input line 254.
(pdftex.def)             Requested size: 121.31247pt x 216.81pt.
<./images/FlashFurniture.PNG, id=133, 271.61475pt x 408.92775pt>
File: ./images/FlashFurniture.PNG Graphic file (type png)
<use ./images/FlashFurniture.PNG>
Package pdftex.def Info: ./images/FlashFurniture.PNG  used on input line 260.
(pdftex.def)             Requested size: 144.009pt x 216.81pt.
 [8 <./images/Executive and Manager.PNG> <./images/FlashFurniture.PNG>]
<./images/Speedster.PNG, id=144, 280.04625pt x 451.08525pt>
File: ./images/Speedster.PNG Graphic file (type png)
<use ./images/Speedster.PNG>
Package pdftex.def Info: ./images/Speedster.PNG  used on input line 266.
(pdftex.def)             Requested size: 134.60013pt x 216.81pt.
 (c:/Users\crobe\Desktop\ESC101\Assignments\PersonalEngineeringRecommendation\ESC101_Assignment02_RobertPurcaru.bbl)
Package atveryend Info: Empty hook `BeforeClearDocument' on input line 271.
 [9 <./images/Speedster.PNG>]
Package atveryend Info: Empty hook `AfterLastShipout' on input line 271.
 (c:/Users\crobe\Desktop\ESC101\Assignments\PersonalEngineeringRecommendation\ESC101_Assignment02_RobertPurcaru.aux)
Package atveryend Info: Executing hook `AtVeryEndDocument' on input line 271.
Package atveryend Info: Executing hook `AtEndAfterFileList' on input line 271.
Package rerunfilecheck Info: File `ESC101_Assignment02_RobertPurcaru.out' has not changed.
(rerunfilecheck)             Checksum: F883D8F08B208EB98C6D464C07ACB2CE;614.
Package atveryend Info: Empty hook `AtVeryVeryEnd' on input line 271.
 ) 
Here is how much of TeX's memory you used:
 8283 strings out of 481165
 134169 string characters out of 2902091
 431442 words of memory out of 3000000
 23726 multiletter control sequences out of 15000+200000
 542128 words of font info for 52 fonts, out of 3000000 for 9000
 1141 hyphenation exceptions out of 8191
 43i,11n,43p,1297b,507s stack positions out of 5000i,500n,10000p,200000b,50000s
{C:/Users/crobe/AppData/Local/Programs/MiKTeX 2.9/fonts/enc/dvips/cm-super/cm-super-ts1.enc}<C:/Users/crobe/AppData/Local/Programs/MiKTeX 2.9/fonts/type1/public/amsfonts/cm/cmbx10.pfb><C:/Users/crobe/AppData/Local/Programs/MiKTeX 2.9/fonts/type1/public/amsfonts/cm/cmbx12.pfb><C:/Users/crobe/AppData/Local/Programs/MiKTeX 2.9/fonts/type1/public/amsfonts/cm/cmr10.pfb><C:/Users/crobe/AppData/Local/Programs/MiKTeX 2.9/fonts/type1/public/amsfonts/cm/cmr12.pfb><C:/Users/crobe/AppData/Local/Programs/MiKTeX 2.9/fonts/type1/public/amsfonts/cm/cmr17.pfb><C:/Users/crobe/AppData/Local/Programs/MiKTeX 2.9/fonts/type1/public/amsfonts/cm/cmsy8.pfb><C:/Users/crobe/AppData/Local/Programs/MiKTeX 2.9/fonts/type1/public/amsfonts/cm/cmti10.pfb><C:/Users/crobe/AppData/Local/Programs/MiKTeX 2.9/fonts/type1/public/amsfonts/cm/cmtt10.pfb><C:/Users/crobe/AppData/Local/Programs/MiKTeX 2.9/fonts/type1/public/cm-super/sfrm1095.pfb>
Output written on c:/Users\crobe\Desktop\ESC101\Assignments\PersonalEngineeringRecommendation\ESC101_Assignment02_RobertPurcaru.pdf (9 pages, 5934461 bytes).
PDF statistics:
 196 PDF objects out of 1000 (max. 8388607)
 38 named destinations out of 1000 (max. 500000)
 124 words of extra memory for PDF output out of 10000 (max. 10000000)

