This is pdfTeX, Version 3.14159265-2.6-1.40.21 (MiKTeX 20.7) (preloaded format=pdflatex 2020.9.21)  11 OCT 2021 14:36
entering extended mode
**c:/Users/crobe/Desktop/Archive/2020-2021/PHY180/Labs/Lab5_FinalReport/report2.tex
(c:/Users/crobe/Desktop/Archive/2020-2021/PHY180/Labs/Lab5_FinalReport/report2.tex
LaTeX2e <2020-02-02> patch level 5
L3 programming layer <2020-09-03> ("C:\Users\crobe\AppData\Local\Programs\MiKTeX 2.9\tex/latex/base\article.cls"
Document Class: article 2019/12/20 v1.4l Standard LaTeX document class
("C:\Users\crobe\AppData\Local\Programs\MiKTeX 2.9\tex/latex/base\size11.clo"
File: size11.clo 2019/12/20 v1.4l Standard LaTeX file (size option)
)
\c@part=\count168
\c@section=\count169
\c@subsection=\count170
\c@subsubsection=\count171
\c@paragraph=\count172
\c@subparagraph=\count173
\c@figure=\count174
\c@table=\count175
\abovecaptionskip=\skip47
\belowcaptionskip=\skip48
\bibindent=\dimen134
) ("C:\Users\crobe\AppData\Local\Programs\MiKTeX 2.9\tex/latex/navigator\navigator.sty"
Package: navigator 2016/22/05 v.1.1 PDF links, outlines, etc.
 ("C:\Users\crobe\AppData\Local\Programs\MiKTeX 2.9\tex/generic/navigator\navigator.tex" ("C:\Users\crobe\AppData\Local\Programs\MiKTeX 2.9\tex/generic/yax\yax.tex" ("C:\Users\crobe\AppData\Local\Programs\MiKTeX 2.9\tex/generic/texapi\texapi.tex"
\pi@temp_tokenA=\toks15
\pi@temp_tokenB=\toks16
\pi@dofor_count=\count176
))
\nav@outline_count=\count177
)) ("C:\Users\crobe\AppData\Local\Programs\MiKTeX 2.9\tex/latex/mathtools\mathtools.sty"
Package: mathtools 2020/03/24 v1.24 mathematical typesetting tools
 ("C:\Users\crobe\AppData\Local\Programs\MiKTeX 2.9\tex/latex/graphics\keyval.sty"
Package: keyval 2014/10/28 v1.15 key=value parser (DPC)
\KV@toks@=\toks17
) ("C:\Users\crobe\AppData\Local\Programs\MiKTeX 2.9\tex/latex/tools\calc.sty"
Package: calc 2017/05/25 v4.3 Infix arithmetic (KKT,FJ)
\calc@Acount=\count178
\calc@Bcount=\count179
\calc@Adimen=\dimen135
\calc@Bdimen=\dimen136
\calc@Askip=\skip49
\calc@Bskip=\skip50
LaTeX Info: Redefining \setlength on input line 80.
LaTeX Info: Redefining \addtolength on input line 81.
\calc@Ccount=\count180
\calc@Cskip=\skip51
) ("C:\Users\crobe\AppData\Local\Programs\MiKTeX 2.9\tex/latex/mathtools\mhsetup.sty"
Package: mhsetup 2017/03/31 v1.3 programming setup (MH)
) ("C:\Users\crobe\AppData\Local\Programs\MiKTeX 2.9\tex/latex/amsmath\amsmath.sty"
Package: amsmath 2020/01/20 v2.17e AMS math features
\@mathmargin=\skip52

For additional information on amsmath, use the `?' option.
("C:\Users\crobe\AppData\Local\Programs\MiKTeX 2.9\tex/latex/amsmath\amstext.sty"
Package: amstext 2000/06/29 v2.01 AMS text
 ("C:\Users\crobe\AppData\Local\Programs\MiKTeX 2.9\tex/latex/amsmath\amsgen.sty"
File: amsgen.sty 1999/11/30 v2.0 generic functions
\@emptytoks=\toks18
\ex@=\dimen137
)) ("C:\Users\crobe\AppData\Local\Programs\MiKTeX 2.9\tex/latex/amsmath\amsbsy.sty"
Package: amsbsy 1999/11/29 v1.2d Bold Symbols
\pmbraise@=\dimen138
) ("C:\Users\crobe\AppData\Local\Programs\MiKTeX 2.9\tex/latex/amsmath\amsopn.sty"
Package: amsopn 2016/03/08 v2.02 operator names
)
\inf@bad=\count181
LaTeX Info: Redefining \frac on input line 227.
\uproot@=\count182
\leftroot@=\count183
LaTeX Info: Redefining \overline on input line 389.
\classnum@=\count184
\DOTSCASE@=\count185
LaTeX Info: Redefining \ldots on input line 486.
LaTeX Info: Redefining \dots on input line 489.
LaTeX Info: Redefining \cdots on input line 610.
\Mathstrutbox@=\box45
\strutbox@=\box46
\big@size=\dimen139
LaTeX Font Info:    Redeclaring font encoding OML on input line 733.
LaTeX Font Info:    Redeclaring font encoding OMS on input line 734.
\macc@depth=\count186
\c@MaxMatrixCols=\count187
\dotsspace@=\muskip16
\c@parentequation=\count188
\dspbrk@lvl=\count189
\tag@help=\toks19
\row@=\count190
\column@=\count191
\maxfields@=\count192
\andhelp@=\toks20
\eqnshift@=\dimen140
\alignsep@=\dimen141
\tagshift@=\dimen142
\tagwidth@=\dimen143
\totwidth@=\dimen144
\lineht@=\dimen145
\@envbody=\toks21
\multlinegap=\skip53
\multlinetaggap=\skip54
\mathdisplay@stack=\toks22
LaTeX Info: Redefining \[ on input line 2859.
LaTeX Info: Redefining \] on input line 2860.
)
LaTeX Info: Thecontrolsequence`\('isalreadyrobust on input line 130.
LaTeX Info: Thecontrolsequence`\)'isalreadyrobust on input line 130.
LaTeX Info: Thecontrolsequence`\['isalreadyrobust on input line 130.
LaTeX Info: Thecontrolsequence`\]'isalreadyrobust on input line 130.
\g_MT_multlinerow_int=\count193
\l_MT_multwidth_dim=\dimen146
\origjot=\skip55
\l_MT_shortvdotswithinadjustabove_dim=\dimen147
\l_MT_shortvdotswithinadjustbelow_dim=\dimen148
\l_MT_above_intertext_sep=\dimen149
\l_MT_below_intertext_sep=\dimen150
\l_MT_above_shortintertext_sep=\dimen151
\l_MT_below_shortintertext_sep=\dimen152
\xmathstrut@box=\box47
\xmathstrut@dim=\dimen153
) ("C:\Users\crobe\AppData\Local\Programs\MiKTeX 2.9\tex/latex/graphics\graphicx.sty"
Package: graphicx 2019/11/30 v1.2a Enhanced LaTeX Graphics (DPC,SPQR)
 ("C:\Users\crobe\AppData\Local\Programs\MiKTeX 2.9\tex/latex/graphics\graphics.sty"
Package: graphics 2019/11/30 v1.4a Standard LaTeX Graphics (DPC,SPQR)
 ("C:\Users\crobe\AppData\Local\Programs\MiKTeX 2.9\tex/latex/graphics\trig.sty"
Package: trig 2016/01/03 v1.10 sin cos tan (DPC)
) ("C:\Users\crobe\AppData\Local\Programs\MiKTeX 2.9\tex/latex/graphics-cfg\graphics.cfg"
File: graphics.cfg 2016/06/04 v1.11 sample graphics configuration
)
Package graphics Info: Driver file: pdftex.def on input line 105.
 ("C:\Users\crobe\AppData\Local\Programs\MiKTeX 2.9\tex/latex/graphics-def\pdftex.def"
File: pdftex.def 2020/08/26 v1.2 Graphics/color driver for pdftex
))
\Gin@req@height=\dimen154
\Gin@req@width=\dimen155
) ("C:\Users\crobe\AppData\Local\Programs\MiKTeX 2.9\tex/latex/caption\subcaption.sty"
Package: subcaption 2020/08/23 v1.3g Sub-captions (AR)
 ("C:\Users\crobe\AppData\Local\Programs\MiKTeX 2.9\tex/latex/caption\caption.sty"
Package: caption 2020/09/02 v3.5a Customizing captions (AR)
 ("C:\Users\crobe\AppData\Local\Programs\MiKTeX 2.9\tex/latex/caption\caption3.sty"
Package: caption3 2020/08/30 v2.0 caption3 kernel (AR)
\captionmargin=\dimen156
\captionmargin@=\dimen157
\captionwidth=\dimen158
\caption@tempdima=\dimen159
\caption@indent=\dimen160
\caption@parindent=\dimen161
\caption@hangindent=\dimen162
Package caption Info: Standard document class detected.
)
\c@caption@flags=\count194
\c@continuedfloat=\count195
)
\c@subfigure=\count196
\c@subtable=\count197
) ("C:\Users\crobe\AppData\Local\Programs\MiKTeX 2.9\tex/latex/geometry\geometry.sty"
Package: geometry 2020/01/02 v5.9 Page Geometry
 ("C:\Users\crobe\AppData\Local\Programs\MiKTeX 2.9\tex/generic/iftex\ifvtex.sty"
Package: ifvtex 2019/10/25 v1.7 ifvtex legacy package. Use iftex instead.
 ("C:\Users\crobe\AppData\Local\Programs\MiKTeX 2.9\tex/generic/iftex\iftex.sty"
Package: iftex 2020/03/06 v1.0d TeX engine tests
))
\Gm@cnth=\count198
\Gm@cntv=\count199
\c@Gm@tempcnt=\count266
\Gm@bindingoffset=\dimen163
\Gm@wd@mp=\dimen164
\Gm@odd@mp=\dimen165
\Gm@even@mp=\dimen166
\Gm@layoutwidth=\dimen167
\Gm@layoutheight=\dimen168
\Gm@layouthoffset=\dimen169
\Gm@layoutvoffset=\dimen170
\Gm@dimlist=\toks23
 ("C:\Users\crobe\AppData\Local\Programs\MiKTeX 2.9\tex/latex/geometry\geometry.cfg")) ("C:\Users\crobe\AppData\Local\Programs\MiKTeX 2.9\tex/latex/float\float.sty"
Package: float 2001/11/08 v1.3d Float enhancements (AL)
\c@float@type=\count267
\float@exts=\toks24
\float@box=\box48
\@float@everytoks=\toks25
\@floatcapt=\box49
) ("C:\Users\crobe\AppData\Local\Programs\MiKTeX 2.9\tex/latex/url\url.sty"
\Urlmuskip=\muskip17
Package: url 2013/09/16  ver 3.4  Verb mode for urls, etc.
) ("C:\Users\crobe\AppData\Local\Programs\MiKTeX 2.9\tex/latex/ulem\ulem.sty"
\UL@box=\box50
\UL@hyphenbox=\box51
\UL@skip=\skip56
\UL@hook=\toks26
\UL@height=\dimen171
\UL@pe=\count268
\UL@pixel=\dimen172
\ULC@box=\box52
Package: ulem 2019/11/18
\ULdepth=\dimen173
) ("C:\Users\crobe\AppData\Local\Programs\MiKTeX 2.9\tex/latex/xcolor\xcolor.sty"
Package: xcolor 2016/05/11 v2.12 LaTeX color extensions (UK)
 ("C:\Users\crobe\AppData\Local\Programs\MiKTeX 2.9\tex/latex/graphics-cfg\color.cfg"
File: color.cfg 2016/01/02 v1.6 sample color configuration
)
Package xcolor Info: Driver file: pdftex.def on input line 225.
Package xcolor Info: Model `cmy' substituted by `cmy0' on input line 1348.
Package xcolor Info: Model `hsb' substituted by `rgb' on input line 1352.
Package xcolor Info: Model `RGB' extended on input line 1364.
Package xcolor Info: Model `HTML' substituted by `rgb' on input line 1366.
Package xcolor Info: Model `Hsb' substituted by `hsb' on input line 1367.
Package xcolor Info: Model `tHsb' substituted by `hsb' on input line 1368.
Package xcolor Info: Model `HSB' substituted by `hsb' on input line 1369.
Package xcolor Info: Model `Gray' substituted by `gray' on input line 1370.
Package xcolor Info: Model `wave' substituted by `hsb' on input line 1371.
) ("C:\Users\crobe\AppData\Local\Programs\MiKTeX 2.9\tex/latex/cancel\cancel.sty"
Package: cancel 2013/04/12 v2.2 Cancel math terms
) ("C:\Users\crobe\AppData\Local\Programs\MiKTeX 2.9\tex/latex/titlesec\titlesec.sty"
Package: titlesec 2019/10/16 v2.13 Sectioning titles
\ttl@box=\box53
\beforetitleunit=\skip57
\aftertitleunit=\skip58
\ttl@plus=\dimen174
\ttl@minus=\dimen175
\ttl@toksa=\toks27
\titlewidth=\dimen176
\titlewidthlast=\dimen177
\titlewidthfirst=\dimen178
) ("C:\Users\crobe\AppData\Local\Programs\MiKTeX 2.9\tex/latex/l3backend\l3backend-pdftex.def"
File: l3backend-pdftex.def 2020-09-01 L3 backend support: PDF output (pdfTeX)
\l__kernel_color_stack_int=\count269
\l__pdf_internal_box=\box54
) (c:/Users\crobe\Desktop\Archive\2020-2021\PHY180\Labs\Lab5_FinalReport\report2.aux

LaTeX Warning: Label `calc:tauApprox' multiply defined.

)
\openout1 = `report2.aux'.

LaTeX Font Info:    Checking defaults for OML/cmm/m/it on input line 17.
LaTeX Font Info:    ... okay on input line 17.
LaTeX Font Info:    Checking defaults for OMS/cmsy/m/n on input line 17.
LaTeX Font Info:    ... okay on input line 17.
LaTeX Font Info:    Checking defaults for OT1/cmr/m/n on input line 17.
LaTeX Font Info:    ... okay on input line 17.
LaTeX Font Info:    Checking defaults for T1/cmr/m/n on input line 17.
LaTeX Font Info:    ... okay on input line 17.
LaTeX Font Info:    Checking defaults for TS1/cmr/m/n on input line 17.
LaTeX Font Info:    ... okay on input line 17.
LaTeX Font Info:    Checking defaults for OMX/cmex/m/n on input line 17.
LaTeX Font Info:    ... okay on input line 17.
LaTeX Font Info:    Checking defaults for U/cmr/m/n on input line 17.
LaTeX Font Info:    ... okay on input line 17.
 ("C:\Users\crobe\AppData\Local\Programs\MiKTeX 2.9\tex/context/base/mkii\supp-pdf.mkii"
[Loading MPS to PDF converter (version 2006.09.02).]
\scratchcounter=\count270
\scratchdimen=\dimen179
\scratchbox=\box55
\nofMPsegments=\count271
\nofMParguments=\count272
\everyMPshowfont=\toks28
\MPscratchCnt=\count273
\MPscratchDim=\dimen180
\MPnumerator=\count274
\makeMPintoPDFobject=\count275
\everyMPtoPDFconversion=\toks29
) ("C:\Users\crobe\AppData\Local\Programs\MiKTeX 2.9\tex/latex/epstopdf-pkg\epstopdf-base.sty"
Package: epstopdf-base 2020-01-24 v2.11 Base part for package epstopdf
 ("C:\Users\crobe\AppData\Local\Programs\MiKTeX 2.9\tex/generic/infwarerr\infwarerr.sty"
Package: infwarerr 2019/12/03 v1.5 Providing info/warning/error messages (HO)
) ("C:\Users\crobe\AppData\Local\Programs\MiKTeX 2.9\tex/latex/grfext\grfext.sty"
Package: grfext 2019/12/03 v1.3 Manage graphics extensions (HO)
 ("C:\Users\crobe\AppData\Local\Programs\MiKTeX 2.9\tex/generic/kvdefinekeys\kvdefinekeys.sty"
Package: kvdefinekeys 2019-12-19 v1.6 Define keys (HO)
)) ("C:\Users\crobe\AppData\Local\Programs\MiKTeX 2.9\tex/latex/kvoptions\kvoptions.sty"
Package: kvoptions 2019/11/29 v3.13 Key value format for package options (HO)
 ("C:\Users\crobe\AppData\Local\Programs\MiKTeX 2.9\tex/generic/ltxcmds\ltxcmds.sty"
Package: ltxcmds 2019/12/15 v1.24 LaTeX kernel commands for general use (HO)
) ("C:\Users\crobe\AppData\Local\Programs\MiKTeX 2.9\tex/generic/kvsetkeys\kvsetkeys.sty"
Package: kvsetkeys 2019/12/15 v1.18 Key value parser (HO)
)) ("C:\Users\crobe\AppData\Local\Programs\MiKTeX 2.9\tex/generic/pdftexcmds\pdftexcmds.sty"
Package: pdftexcmds 2020-06-27 v0.33 Utility functions of pdfTeX for LuaTeX (HO)
Package pdftexcmds Info: \pdf@primitive is available.
Package pdftexcmds Info: \pdf@ifprimitive is available.
Package pdftexcmds Info: \pdfdraftmode found.
)
Package epstopdf-base Info: Redefining graphics rule for `.eps' on input line 485.
Package grfext Info: Graphics extension search list:
(grfext)             [.pdf,.png,.jpg,.mps,.jpeg,.jbig2,.jb2,.PDF,.PNG,.JPG,.JPEG,.JBIG2,.JB2,.eps]
(grfext)             \AppendGraphicsExtensions on input line 504.
)
Package caption Info: Begin \AtBeginDocument code.
Package caption Info: float package is loaded.
Package caption Info: End \AtBeginDocument code.

*geometry* driver: auto-detecting
*geometry* detected driver: pdftex
*geometry* verbose mode - [ preamble ] result:
* driver: pdftex
* paper: a4paper
* layout: <same size as paper>
* layoutoffset:(h,v)=(0.0pt,0.0pt)
* modes: 
* h-part:(L,W,R)=(81.94394pt, 433.62pt, 81.94394pt)
* v-part:(T,H,B)=(63.39273pt, 686.56499pt, 95.08913pt)
* \paperwidth=597.50787pt
* \paperheight=845.04684pt
* \textwidth=433.62pt
* \textheight=686.56499pt
* \oddsidemargin=9.67395pt
* \evensidemargin=9.67395pt
* \topmargin=-45.87726pt
* \headheight=12.0pt
* \headsep=25.0pt
* \topskip=11.0pt
* \footskip=30.0pt
* \marginparwidth=59.0pt
* \marginparsep=10.0pt
* \columnsep=10.0pt
* \skip\footins=10.0pt plus 4.0pt minus 2.0pt
* \hoffset=0.0pt
* \voffset=0.0pt
* \mag=1000
* \@twocolumnfalse
* \@twosidefalse
* \@mparswitchfalse
* \@reversemarginfalse
* (1in=72.27pt=25.4mm, 1cm=28.453pt)

(c:/Users\crobe\Desktop\Archive\2020-2021\PHY180\Labs\Lab5_FinalReport\report2.toc)
\tf@toc=\write3
\openout3 = `report2.toc'.

 [1

{C:/Users/crobe/AppData/Local/MiKTeX/2.9/pdftex/config/pdftex.map}]
<./images/setup.jpg, id=15, 1020.81375pt x 1361.085pt>
File: ./images/setup.jpg Graphic file (type jpg)
<use ./images/setup.jpg>
Package pdftex.def Info: ./images/setup.jpg  used on input line 38.
(pdftex.def)             Requested size: 303.53267pt x 404.71495pt.
 [2]
<./images/allMasses.PNG, id=23, 385.74112pt x 106.29712pt>
File: ./images/allMasses.PNG Graphic file (type png)
<use ./images/allMasses.PNG>
Package pdftex.def Info: ./images/allMasses.PNG  used on input line 46.
(pdftex.def)             Requested size: 325.215pt x 89.62308pt.
 [3 <./images/setup.jpg>]
<./images/clampView.jpg, id=28, 4047.12pt x 3035.34pt>
File: ./images/clampView.jpg Graphic file (type jpg)
<use ./images/clampView.jpg>
Package pdftex.def Info: ./images/clampView.jpg  used on input line 56.
(pdftex.def)             Requested size: 4047.11017pt x 3035.33263pt.
 [4 <./images/allMasses.PNG>]
<./images/zeroed.jpg, id=33, 1020.81375pt x 1361.085pt>
File: ./images/zeroed.jpg Graphic file (type jpg)
<use ./images/zeroed.jpg>
Package pdftex.def Info: ./images/zeroed.jpg  used on input line 64.
(pdftex.def)             Requested size: 173.44534pt x 231.25677pt.
 [5 <./images/clampView.jpg> <./images/zeroed.jpg>]
<./images/combo.PNG, id=37, 719.98987pt x 203.25937pt>
File: ./images/combo.PNG Graphic file (type png)
<use ./images/combo.PNG>
Package pdftex.def Info: ./images/combo.PNG  used on input line 74.
(pdftex.def)             Requested size: 433.62pt x 122.41557pt.
<./images/rawData.png, id=38, 462.528pt x 346.1733pt>
File: ./images/rawData.png Graphic file (type png)
<use ./images/rawData.png>
Package pdftex.def Info: ./images/rawData.png  used on input line 81.
(pdftex.def)             Requested size: 216.81pt x 162.26833pt.
<./images/correctedGraph.PNG, id=39, 540.21825pt x 155.3805pt>
File: ./images/correctedGraph.PNG Graphic file (type png)
<use ./images/correctedGraph.PNG>
Package pdftex.def Info: ./images/correctedGraph.PNG  used on input line 87.
(pdftex.def)             Requested size: 433.62pt x 124.72656pt.
 [6 <./images/combo.PNG> <./images/rawData.png>]
<./images/tauGraph.PNG, id=45, 715.17188pt x 294.50024pt>
File: ./images/tauGraph.PNG Graphic file (type png)
<use ./images/tauGraph.PNG>
Package pdftex.def Info: ./images/tauGraph.PNG  used on input line 93.
(pdftex.def)             Requested size: 346.89731pt x 142.8504pt.
<./images/QuadraticPowerSeriesData.png, id=46, 867.24pt x 360.6273pt>
File: ./images/QuadraticPowerSeriesData.png Graphic file (type png)
<use ./images/QuadraticPowerSeriesData.png>
Package pdftex.def Info: ./images/QuadraticPowerSeriesData.png  used on input line 99.
(pdftex.def)             Requested size: 433.62pt x 180.3132pt.
<./images/QuadraticPowerSeriesResiduals.PNG, id=47, 867.24pt x 360.6273pt>
File: ./images/QuadraticPowerSeriesResiduals.PNG Graphic file (type png)
<use ./images/QuadraticPowerSeriesResiduals.PNG>
Package pdftex.def Info: ./images/QuadraticPowerSeriesResiduals.PNG  used on input line 100.
(pdftex.def)             Requested size: 433.62pt x 180.3132pt.
 [7 <./images/correctedGraph.PNG> <./images/tauGraph.PNG>]
<./images/CubicPowerSeriesData.png, id=54, 867.24pt x 360.6273pt>
File: ./images/CubicPowerSeriesData.png Graphic file (type png)
<use ./images/CubicPowerSeriesData.png>
Package pdftex.def Info: ./images/CubicPowerSeriesData.png  used on input line 106.
(pdftex.def)             Requested size: 433.62pt x 180.3132pt.
<./images/CubicPowerSeriesResiduals.png, id=55, 867.24pt x 360.6273pt>
File: ./images/CubicPowerSeriesResiduals.png Graphic file (type png)
<use ./images/CubicPowerSeriesResiduals.png>
Package pdftex.def Info: ./images/CubicPowerSeriesResiduals.png  used on input line 107.
(pdftex.def)             Requested size: 433.62pt x 180.3132pt.
 [8 <./images/QuadraticPowerSeriesData.png> <./images/QuadraticPowerSeriesResiduals.PNG>]
<./images/AllRawLengthTimes.PNG, id=61, 521.5485pt x 430.0065pt>
File: ./images/AllRawLengthTimes.PNG Graphic file (type png)
<use ./images/AllRawLengthTimes.PNG>
Package pdftex.def Info: ./images/AllRawLengthTimes.PNG  used on input line 113.
(pdftex.def)             Requested size: 433.62pt x 357.52206pt.
 [9 <./images/CubicPowerSeriesData.png> <./images/CubicPowerSeriesResiduals.png>]
<./images/PowerFitLengths.png, id=68, 722.7pt x 360.6273pt>
File: ./images/PowerFitLengths.png Graphic file (type png)
<use ./images/PowerFitLengths.png>
Package pdftex.def Info: ./images/PowerFitLengths.png  used on input line 119.
(pdftex.def)             Requested size: 433.62pt x 216.37805pt.
<./images/LogFitForLengths.png, id=69, 722.7pt x 360.6273pt>
File: ./images/LogFitForLengths.png Graphic file (type png)
<use ./images/LogFitForLengths.png>
Package pdftex.def Info: ./images/LogFitForLengths.png  used on input line 120.
(pdftex.def)             Requested size: 433.62pt x 216.37805pt.
 [10 <./images/AllRawLengthTimes.PNG>]
<./images/AllRawMassTimes.PNG, id=74, 478.78876pt x 503.481pt>
File: ./images/AllRawMassTimes.PNG Graphic file (type png)
<use ./images/AllRawMassTimes.PNG>
Package pdftex.def Info: ./images/AllRawMassTimes.PNG  used on input line 126.
(pdftex.def)             Requested size: 433.62pt x 455.9866pt.
 [11 <./images/PowerFitLengths.png> <./images/LogFitForLengths.png>]
Overfull \vbox (10.6217pt too high) has occurred while \output is active []

 [12 <./images/AllRawMassTimes.PNG>]
<./images/PeriodVsMass.png, id=84, 722.7pt x 360.6273pt>
File: ./images/PeriodVsMass.png Graphic file (type png)
<use ./images/PeriodVsMass.png>
Package pdftex.def Info: ./images/PeriodVsMass.png  used on input line 132.
(pdftex.def)             Requested size: 433.62pt x 216.37805pt.
<./images/ResidualsPeriodVsMass.png, id=85, 722.7pt x 360.6273pt>
File: ./images/ResidualsPeriodVsMass.png Graphic file (type png)
<use ./images/ResidualsPeriodVsMass.png>
Package pdftex.def Info: ./images/ResidualsPeriodVsMass.png  used on input line 133.
(pdftex.def)             Requested size: 433.62pt x 216.37805pt.
 [13 <./images/PeriodVsMass.png> <./images/ResidualsPeriodVsMass.png>] [14] [15] [16] [17] [18]
Overfull \hbox (9.02896pt too wide) in paragraph at lines 309--309
[]                    \OT1/cmtt/m/n/10.95 hul, huh, sal, sah, val, vah = 23, 40, 126, 255, 127, 255[] 
 []

[19]
<./images/RawStringLengths.PNG, id=114, 442.65375pt x 233.673pt>
File: ./images/RawStringLengths.PNG Graphic file (type png)
<use ./images/RawStringLengths.PNG>
Package pdftex.def Info: ./images/RawStringLengths.PNG  used on input line 314.
(pdftex.def)             Requested size: 433.62pt x 228.91595pt.
<./images/RawMasses.PNG, id=115, 359.54324pt x 169.23225pt>
File: ./images/RawMasses.PNG Graphic file (type png)
<use ./images/RawMasses.PNG>
Package pdftex.def Info: ./images/RawMasses.PNG  used on input line 322.
(pdftex.def)             Requested size: 433.62pt x 204.10544pt.
 [20 <./images/RawStringLengths.PNG>] (c:/Users\crobe\Desktop\Archive\2020-2021\PHY180\Labs\Lab5_FinalReport\report2.bbl) [21 <./images/RawMasses.PNG>] (c:/Users\crobe\Desktop\Archive\2020-2021\PHY180\Labs\Lab5_FinalReport\report2.aux)

LaTeX Warning: There were multiply-defined labels.

 ) 
Here is how much of TeX's memory you used:
 6434 strings out of 481165
 107751 string characters out of 2902091
 378988 words of memory out of 3000000
 21938 multiletter control sequences out of 15000+200000
 541479 words of font info for 52 fonts, out of 3000000 for 9000
 1141 hyphenation exceptions out of 8191
 46i,9n,47p,1842b,318s stack positions out of 5000i,500n,10000p,200000b,50000s
<C:/Users/crobe/AppData/Local/Programs/MiKTeX 2.9/fonts/type1/public/amsfonts/cm/cmbx10.pfb><C:/Users/crobe/AppData/Local/Programs/MiKTeX 2.9/fonts/type1/public/amsfonts/cm/cmbx12.pfb><C:/Users/crobe/AppData/Local/Programs/MiKTeX 2.9/fonts/type1/public/amsfonts/cm/cmex10.pfb><C:/Users/crobe/AppData/Local/Programs/MiKTeX 2.9/fonts/type1/public/amsfonts/cm/cmmi10.pfb><C:/Users/crobe/AppData/Local/Programs/MiKTeX 2.9/fonts/type1/public/amsfonts/cm/cmmi12.pfb><C:/Users/crobe/AppData/Local/Programs/MiKTeX 2.9/fonts/type1/public/amsfonts/cm/cmmi8.pfb><C:/Users/crobe/AppData/Local/Programs/MiKTeX 2.9/fonts/type1/public/amsfonts/cm/cmr10.pfb><C:/Users/crobe/AppData/Local/Programs/MiKTeX 2.9/fonts/type1/public/amsfonts/cm/cmr12.pfb><C:/Users/crobe/AppData/Local/Programs/MiKTeX 2.9/fonts/type1/public/amsfonts/cm/cmr17.pfb><C:/Users/crobe/AppData/Local/Programs/MiKTeX 2.9/fonts/type1/public/amsfonts/cm/cmr6.pfb><C:/Users/crobe/AppData/Local/Programs/MiKTeX 2.9/fonts/type1/public/amsfonts/cm/cmr8.pfb><C:/Users/crobe/AppData/Local/Programs/MiKTeX 2.9/fonts/type1/public/amsfonts/cm/cmsy10.pfb><C:/Users/crobe/AppData/Local/Programs/MiKTeX 2.9/fonts/type1/public/amsfonts/cm/cmsy8.pfb><C:/Users/crobe/AppData/Local/Programs/MiKTeX 2.9/fonts/type1/public/amsfonts/cm/cmti10.pfb><C:/Users/crobe/AppData/Local/Programs/MiKTeX 2.9/fonts/type1/public/amsfonts/cm/cmtt10.pfb>
Output written on c:/Users\crobe\Desktop\Archive\2020-2021\PHY180\Labs\Lab5_FinalReport\report2.pdf (21 pages, 5677021 bytes).
PDF statistics:
 174 PDF objects out of 1000 (max. 8388607)
 0 named destinations out of 1000 (max. 500000)
 121 words of extra memory for PDF output out of 10000 (max. 10000000)

