This is pdfTeX, Version 3.14159265-2.6-1.40.21 (MiKTeX 20.7) (preloaded format=pdflatex 2020.9.21)  25 OCT 2020 14:25
entering extended mode
**c:/Users/crobe/Desktop/ESC101/Assignments/DesignBrief/DesignBrief.tex
(c:/Users/crobe/Desktop/ESC101/Assignments/DesignBrief/DesignBrief.tex
LaTeX2e <2020-02-02> patch level 5
L3 programming layer <2020-09-03> ("C:\Users\crobe\AppData\Local\Programs\MiKTeX 2.9\tex/latex/base\article.cls"
Document Class: article 2019/12/20 v1.4l Standard LaTeX document class
("C:\Users\crobe\AppData\Local\Programs\MiKTeX 2.9\tex/latex/base\size11.clo"
File: size11.clo 2019/12/20 v1.4l Standard LaTeX file (size option)
)
\c@part=\count168
\c@section=\count169
\c@subsection=\count170
\c@subsubsection=\count171
\c@paragraph=\count172
\c@subparagraph=\count173
\c@figure=\count174
\c@table=\count175
\abovecaptionskip=\skip47
\belowcaptionskip=\skip48
\bibindent=\dimen134
) ("C:\Users\crobe\AppData\Local\Programs\MiKTeX 2.9\tex/latex/ulem\ulem.sty"
\UL@box=\box45
\UL@hyphenbox=\box46
\UL@skip=\skip49
\UL@hook=\toks15
\UL@height=\dimen135
\UL@pe=\count176
\UL@pixel=\dimen136
\ULC@box=\box47
Package: ulem 2019/11/18
\ULdepth=\dimen137
) ("C:\Users\crobe\AppData\Local\Programs\MiKTeX 2.9\tex/latex/base\inputenc.sty"
Package: inputenc 2018/08/11 v1.3c Input encoding file
\inpenc@prehook=\toks16
\inpenc@posthook=\toks17
) ("C:\Users\crobe\AppData\Local\Programs\MiKTeX 2.9\tex/latex/graphics\graphicx.sty"
Package: graphicx 2019/11/30 v1.2a Enhanced LaTeX Graphics (DPC,SPQR)
 ("C:\Users\crobe\AppData\Local\Programs\MiKTeX 2.9\tex/latex/graphics\keyval.sty"
Package: keyval 2014/10/28 v1.15 key=value parser (DPC)
\KV@toks@=\toks18
) ("C:\Users\crobe\AppData\Local\Programs\MiKTeX 2.9\tex/latex/graphics\graphics.sty"
Package: graphics 2019/11/30 v1.4a Standard LaTeX Graphics (DPC,SPQR)
 ("C:\Users\crobe\AppData\Local\Programs\MiKTeX 2.9\tex/latex/graphics\trig.sty"
Package: trig 2016/01/03 v1.10 sin cos tan (DPC)
) ("C:\Users\crobe\AppData\Local\Programs\MiKTeX 2.9\tex/latex/graphics-cfg\graphics.cfg"
File: graphics.cfg 2016/06/04 v1.11 sample graphics configuration
)
Package graphics Info: Driver file: pdftex.def on input line 105.
 ("C:\Users\crobe\AppData\Local\Programs\MiKTeX 2.9\tex/latex/graphics-def\pdftex.def"
File: pdftex.def 2020/08/26 v1.2 Graphics/color driver for pdftex
))
\Gin@req@height=\dimen138
\Gin@req@width=\dimen139
) ("C:\Users\crobe\AppData\Local\Programs\MiKTeX 2.9\tex/latex/adjustbox\adjustbox.sty"
Package: adjustbox 2020/08/19 v1.3 Adjusting TeX boxes (trim, clip, ...)
 ("C:\Users\crobe\AppData\Local\Programs\MiKTeX 2.9\tex/latex/xkeyval\xkeyval.sty"
Package: xkeyval 2014/12/03 v2.7a package option processing (HA)
 ("C:\Users\crobe\AppData\Local\Programs\MiKTeX 2.9\tex/generic/xkeyval\xkeyval.tex" ("C:\Users\crobe\AppData\Local\Programs\MiKTeX 2.9\tex/generic/xkeyval\xkvutils.tex"
\XKV@toks=\toks19
\XKV@tempa@toks=\toks20
)
\XKV@depth=\count177
File: xkeyval.tex 2014/12/03 v2.7a key=value parser (HA)
)) ("C:\Users\crobe\AppData\Local\Programs\MiKTeX 2.9\tex/latex/adjustbox\adjcalc.sty"
Package: adjcalc 2012/05/16 v1.1 Provides advanced setlength with multiple back-ends (calc, etex, pgfmath)
) ("C:\Users\crobe\AppData\Local\Programs\MiKTeX 2.9\tex/latex/adjustbox\trimclip.sty"
Package: trimclip 2020/08/19 v1.2 Trim and clip general TeX material
 ("C:\Users\crobe\AppData\Local\Programs\MiKTeX 2.9\tex/latex/collectbox\collectbox.sty"
Package: collectbox 2012/05/17 v0.4b Collect macro arguments as boxes
\collectedbox=\box48
)
\tc@llx=\dimen140
\tc@lly=\dimen141
\tc@urx=\dimen142
\tc@ury=\dimen143
Package trimclip Info: Using driver 'tc-pdftex.def'.
 ("C:\Users\crobe\AppData\Local\Programs\MiKTeX 2.9\tex/latex/adjustbox\tc-pdftex.def"
File: tc-pdftex.def 2019/01/04 v2.2 Clipping driver for pdftex
))
\adjbox@Width=\dimen144
\adjbox@Height=\dimen145
\adjbox@Depth=\dimen146
\adjbox@Totalheight=\dimen147
\adjbox@pwidth=\dimen148
\adjbox@pheight=\dimen149
\adjbox@pdepth=\dimen150
\adjbox@ptotalheight=\dimen151
 ("C:\Users\crobe\AppData\Local\Programs\MiKTeX 2.9\tex/latex/ifoddpage\ifoddpage.sty"
Package: ifoddpage 2016/04/23 v1.1 Conditionals for odd/even page detection
\c@checkoddpage=\count178
) ("C:\Users\crobe\AppData\Local\Programs\MiKTeX 2.9\tex/latex/varwidth\varwidth.sty"
Package: varwidth 2009/03/30 ver 0.92;  Variable-width minipages
\@vwid@box=\box49
\sift@deathcycles=\count179
\@vwid@loff=\dimen152
\@vwid@roff=\dimen153
)) ("C:\Users\crobe\AppData\Local\Programs\MiKTeX 2.9\tex/latex/geometry\geometry.sty"
Package: geometry 2020/01/02 v5.9 Page Geometry
 ("C:\Users\crobe\AppData\Local\Programs\MiKTeX 2.9\tex/generic/iftex\ifvtex.sty"
Package: ifvtex 2019/10/25 v1.7 ifvtex legacy package. Use iftex instead.
 ("C:\Users\crobe\AppData\Local\Programs\MiKTeX 2.9\tex/generic/iftex\iftex.sty"
Package: iftex 2020/03/06 v1.0d TeX engine tests
))
\Gm@cnth=\count180
\Gm@cntv=\count181
\c@Gm@tempcnt=\count182
\Gm@bindingoffset=\dimen154
\Gm@wd@mp=\dimen155
\Gm@odd@mp=\dimen156
\Gm@even@mp=\dimen157
\Gm@layoutwidth=\dimen158
\Gm@layoutheight=\dimen159
\Gm@layouthoffset=\dimen160
\Gm@layoutvoffset=\dimen161
\Gm@dimlist=\toks21
 ("C:\Users\crobe\AppData\Local\Programs\MiKTeX 2.9\tex/latex/geometry\geometry.cfg")) ("C:\Users\crobe\AppData\Local\Programs\MiKTeX 2.9\tex/latex/float\float.sty"
Package: float 2001/11/08 v1.3d Float enhancements (AL)
\c@float@type=\count183
\float@exts=\toks22
\float@box=\box50
\@float@everytoks=\toks23
\@floatcapt=\box51
) ("C:\Users\crobe\AppData\Local\Programs\MiKTeX 2.9\tex/latex/tools\array.sty"
Package: array 2019/08/31 v2.4l Tabular extension package (FMi)
\col@sep=\dimen162
\ar@mcellbox=\box52
\extrarowheight=\dimen163
\NC@list=\toks24
\extratabsurround=\skip50
\backup@length=\skip51
\ar@cellbox=\box53
) ("C:\Users\crobe\AppData\Local\Programs\MiKTeX 2.9\tex/latex/caption\caption.sty"
Package: caption 2020/09/02 v3.5a Customizing captions (AR)
 ("C:\Users\crobe\AppData\Local\Programs\MiKTeX 2.9\tex/latex/caption\caption3.sty"
Package: caption3 2020/08/30 v2.0 caption3 kernel (AR)
\captionmargin=\dimen164
\captionmargin@=\dimen165
\captionwidth=\dimen166
\caption@tempdima=\dimen167
\caption@indent=\dimen168
\caption@parindent=\dimen169
\caption@hangindent=\dimen170
Package caption Info: Standard document class detected.
)
\c@caption@flags=\count184
\c@continuedfloat=\count185
Package caption Info: float package is loaded.
) ("C:\Users\crobe\AppData\Local\Programs\MiKTeX 2.9\tex/latex/changepage\changepage.sty"
Package: changepage 2009/10/20 v1.0c check page and change page layout
\c@cp@cntr=\count186
\cp@tempcnt=\count187
LaTeX Info: Redefining \checkoddpage on input line 59.
) ("C:\Users\crobe\AppData\Local\Programs\MiKTeX 2.9\tex/latex/amsmath\amsmath.sty"
Package: amsmath 2020/01/20 v2.17e AMS math features
\@mathmargin=\skip52

For additional information on amsmath, use the `?' option.
("C:\Users\crobe\AppData\Local\Programs\MiKTeX 2.9\tex/latex/amsmath\amstext.sty"
Package: amstext 2000/06/29 v2.01 AMS text
 ("C:\Users\crobe\AppData\Local\Programs\MiKTeX 2.9\tex/latex/amsmath\amsgen.sty"
File: amsgen.sty 1999/11/30 v2.0 generic functions
\@emptytoks=\toks25
\ex@=\dimen171
)) ("C:\Users\crobe\AppData\Local\Programs\MiKTeX 2.9\tex/latex/amsmath\amsbsy.sty"
Package: amsbsy 1999/11/29 v1.2d Bold Symbols
\pmbraise@=\dimen172
) ("C:\Users\crobe\AppData\Local\Programs\MiKTeX 2.9\tex/latex/amsmath\amsopn.sty"
Package: amsopn 2016/03/08 v2.02 operator names
)
\inf@bad=\count188
LaTeX Info: Redefining \frac on input line 227.
\uproot@=\count189
\leftroot@=\count190
LaTeX Info: Redefining \overline on input line 389.
\classnum@=\count191
\DOTSCASE@=\count192
LaTeX Info: Redefining \ldots on input line 486.
LaTeX Info: Redefining \dots on input line 489.
LaTeX Info: Redefining \cdots on input line 610.
\Mathstrutbox@=\box54
\strutbox@=\box55
\big@size=\dimen173
LaTeX Font Info:    Redeclaring font encoding OML on input line 733.
LaTeX Font Info:    Redeclaring font encoding OMS on input line 734.
\macc@depth=\count193
\c@MaxMatrixCols=\count194
\dotsspace@=\muskip16
\c@parentequation=\count195
\dspbrk@lvl=\count196
\tag@help=\toks26
\row@=\count197
\column@=\count198
\maxfields@=\count199
\andhelp@=\toks27
\eqnshift@=\dimen174
\alignsep@=\dimen175
\tagshift@=\dimen176
\tagwidth@=\dimen177
\totwidth@=\dimen178
\lineht@=\dimen179
\@envbody=\toks28
\multlinegap=\skip53
\multlinetaggap=\skip54
\mathdisplay@stack=\toks29
LaTeX Info: Redefining \[ on input line 2859.
LaTeX Info: Redefining \] on input line 2860.
) ("C:\Users\crobe\AppData\Local\Programs\MiKTeX 2.9\tex/latex/l3backend\l3backend-pdftex.def"
File: l3backend-pdftex.def 2020-09-01 L3 backend support: PDF output (pdfTeX)
\l__kernel_color_stack_int=\count266
\l__pdf_internal_box=\box56
) (c:/Users\crobe\Desktop\ESC101\Assignments\DesignBrief\DesignBrief.aux)
\openout1 = `DesignBrief.aux'.

LaTeX Font Info:    Checking defaults for OML/cmm/m/it on input line 20.
LaTeX Font Info:    ... okay on input line 20.
LaTeX Font Info:    Checking defaults for OMS/cmsy/m/n on input line 20.
LaTeX Font Info:    ... okay on input line 20.
LaTeX Font Info:    Checking defaults for OT1/cmr/m/n on input line 20.
LaTeX Font Info:    ... okay on input line 20.
LaTeX Font Info:    Checking defaults for T1/cmr/m/n on input line 20.
LaTeX Font Info:    ... okay on input line 20.
LaTeX Font Info:    Checking defaults for TS1/cmr/m/n on input line 20.
LaTeX Font Info:    ... okay on input line 20.
LaTeX Font Info:    Checking defaults for OMX/cmex/m/n on input line 20.
LaTeX Font Info:    ... okay on input line 20.
LaTeX Font Info:    Checking defaults for U/cmr/m/n on input line 20.
LaTeX Font Info:    ... okay on input line 20.
 ("C:\Users\crobe\AppData\Local\Programs\MiKTeX 2.9\tex/context/base/mkii\supp-pdf.mkii"
[Loading MPS to PDF converter (version 2006.09.02).]
\scratchcounter=\count267
\scratchdimen=\dimen180
\scratchbox=\box57
\nofMPsegments=\count268
\nofMParguments=\count269
\everyMPshowfont=\toks30
\MPscratchCnt=\count270
\MPscratchDim=\dimen181
\MPnumerator=\count271
\makeMPintoPDFobject=\count272
\everyMPtoPDFconversion=\toks31
) ("C:\Users\crobe\AppData\Local\Programs\MiKTeX 2.9\tex/latex/epstopdf-pkg\epstopdf-base.sty"
Package: epstopdf-base 2020-01-24 v2.11 Base part for package epstopdf
 ("C:\Users\crobe\AppData\Local\Programs\MiKTeX 2.9\tex/generic/infwarerr\infwarerr.sty"
Package: infwarerr 2019/12/03 v1.5 Providing info/warning/error messages (HO)
) ("C:\Users\crobe\AppData\Local\Programs\MiKTeX 2.9\tex/latex/grfext\grfext.sty"
Package: grfext 2019/12/03 v1.3 Manage graphics extensions (HO)
 ("C:\Users\crobe\AppData\Local\Programs\MiKTeX 2.9\tex/generic/kvdefinekeys\kvdefinekeys.sty"
Package: kvdefinekeys 2019-12-19 v1.6 Define keys (HO)
)) ("C:\Users\crobe\AppData\Local\Programs\MiKTeX 2.9\tex/latex/kvoptions\kvoptions.sty"
Package: kvoptions 2019/11/29 v3.13 Key value format for package options (HO)
 ("C:\Users\crobe\AppData\Local\Programs\MiKTeX 2.9\tex/generic/ltxcmds\ltxcmds.sty"
Package: ltxcmds 2019/12/15 v1.24 LaTeX kernel commands for general use (HO)
) ("C:\Users\crobe\AppData\Local\Programs\MiKTeX 2.9\tex/generic/kvsetkeys\kvsetkeys.sty"
Package: kvsetkeys 2019/12/15 v1.18 Key value parser (HO)
)) ("C:\Users\crobe\AppData\Local\Programs\MiKTeX 2.9\tex/generic/pdftexcmds\pdftexcmds.sty"
Package: pdftexcmds 2020-06-27 v0.33 Utility functions of pdfTeX for LuaTeX (HO)
Package pdftexcmds Info: \pdf@primitive is available.
Package pdftexcmds Info: \pdf@ifprimitive is available.
Package pdftexcmds Info: \pdfdraftmode found.
)
Package epstopdf-base Info: Redefining graphics rule for `.eps' on input line 485.
Package grfext Info: Graphics extension search list:
(grfext)             [.pdf,.png,.jpg,.mps,.jpeg,.jbig2,.jb2,.PDF,.PNG,.JPG,.JPEG,.JBIG2,.JB2,.eps]
(grfext)             \AppendGraphicsExtensions on input line 504.
)
*geometry* driver: auto-detecting
*geometry* detected driver: pdftex
*geometry* verbose mode - [ preamble ] result:
* driver: pdftex
* paper: <default>
* layout: <same size as paper>
* layoutoffset:(h,v)=(0.0pt,0.0pt)
* modes: 
* h-part:(L,W,R)=(36.135pt, 542.02501pt, 36.135pt)
* v-part:(T,H,B)=(36.135pt, 722.7pt, 36.135pt)
* \paperwidth=614.295pt
* \paperheight=794.96999pt
* \textwidth=542.02501pt
* \textheight=722.7pt
* \oddsidemargin=-36.135pt
* \evensidemargin=-36.135pt
* \topmargin=-73.135pt
* \headheight=12.0pt
* \headsep=25.0pt
* \topskip=11.0pt
* \footskip=30.0pt
* \marginparwidth=59.0pt
* \marginparsep=10.0pt
* \columnsep=10.0pt
* \skip\footins=10.0pt plus 4.0pt minus 2.0pt
* \hoffset=0.0pt
* \voffset=0.0pt
* \mag=1000
* \@twocolumnfalse
* \@twosidefalse
* \@mparswitchfalse
* \@reversemarginfalse
* (1in=72.27pt=25.4mm, 1cm=28.453pt)

Package caption Info: Begin \AtBeginDocument code.
Package caption Info: changepage package is loaded.
\caption@adjustwidth@hsize=\dimen182
\caption@adjustwidth@linewidth=\dimen183
Package caption Info: End \AtBeginDocument code.
(c:/Users\crobe\Desktop\ESC101\Assignments\DesignBrief\DesignBrief.toc)
\tf@toc=\write3
\openout3 = `DesignBrief.toc'.

 [1

{C:/Users/crobe/AppData/Local/MiKTeX/2.9/pdftex/config/pdftex.map}]
<./images/Placeholder.PNG, id=10, 188.50426pt x 189.1065pt>
File: ./images/Placeholder.PNG Graphic file (type png)
<use ./images/Placeholder.PNG>
Package pdftex.def Info: ./images/Placeholder.PNG  used on input line 32.
(pdftex.def)             Requested size: 216.80669pt x 217.50252pt.
 [2 <./images/Placeholder.PNG>] [3]
Underfull \hbox (badness 1082) in paragraph at lines 105--105
[]|\OT1/cmr/m/n/10.95 No in-for-ma-tion is ac-
 []


Underfull \hbox (badness 2922) in paragraph at lines 105--105
\OT1/cmr/m/n/10.95 quired from users to
 []


Underfull \hbox (badness 5147) in paragraph at lines 105--105
[]|\OT1/cmr/m/n/10.95 A min-i-mum of es-ti-
 []


Underfull \hbox (badness 4108) in paragraph at lines 105--105
\OT1/cmr/m/n/10.95 mated time to com-
 []


Underfull \hbox (badness 10000) in paragraph at lines 105--105
\OT1/cmr/m/n/10.95 com-ple-tion and task
 []


Underfull \hbox (badness 4144) in paragraph at lines 106--106
[]|\OT1/cmr/m/n/10.95 Additional pa-ram-e-ters
 []


Underfull \hbox (badness 6364) in paragraph at lines 107--107
[]|\OT1/cmr/m/n/10.95 This met-rics is
 []


Underfull \hbox (badness 1418) in paragraph at lines 110--110
\OT1/cmr/m/n/10.95 re-viewed by au-then-tic
 []


Underfull \hbox (badness 2065) in paragraph at lines 111--111
\OT1/cmr/m/n/10.95 be de-fined, con-firmed
 []


Underfull \hbox (badness 1331) in paragraph at lines 111--111
\OT1/cmr/m/n/10.95 against in-dus-try stan-
 []


Underfull \hbox (badness 6364) in paragraph at lines 112--112
[]|\OT1/cmr/m/n/10.95 This met-rics is
 []


Underfull \hbox (badness 3078) in paragraph at lines 112--112
\OT1/cmr/m/n/10.95 aimed to eval-u-
 []


Underfull \hbox (badness 2772) in paragraph at lines 112--112
\OT1/cmr/m/n/10.95 ate the se-cu-rity
 []


Underfull \hbox (badness 4060) in paragraph at lines 112--112
\OT1/cmr/m/n/10.95 so-lu-tion, in ac-
 []


Underfull \hbox (badness 6412) in paragraph at lines 112--112
\OT1/cmr/m/n/10.95 cu-rity stan-dards
 []


Underfull \hbox (badness 3635) in paragraph at lines 114--114
\OT1/cmr/m/n/10.95 for recorded in-for-ma-
 []


Underfull \hbox (badness 1082) in paragraph at lines 115--115
\OT1/cmr/m/n/10.95 in-for-ma-tion is se-cured
 []


Underfull \hbox (badness 1087) in paragraph at lines 115--115
\OT1/cmr/m/n/10.95 i-fi-ca-tion. No backup
 []


Underfull \hbox (badness 4872) in paragraph at lines 115--115
\OT1/cmr/m/n/10.95 copies of in-for-ma-tion
 []


Underfull \hbox (badness 1178) in paragraph at lines 115--115
\OT1/cmr/m/n/10.95 are avail-able for data
 []


Underfull \hbox (badness 10000) in paragraph at lines 115--115
[]|\OT1/cmr/m/n/10.95 The in-for-ma-tion is
 []


Underfull \hbox (badness 10000) in paragraph at lines 115--115
\OT1/cmr/m/n/10.95 se-cured with re-spect
 []


Underfull \hbox (badness 10000) in paragraph at lines 115--115
\OT1/cmr/m/n/10.95 unau-tho-rized dis-clo-
 []


Underfull \hbox (badness 6708) in paragraph at lines 115--115
\OT1/cmr/m/n/10.95 sure or mod-i-fi-ca-tion.
 []


Underfull \hbox (badness 10000) in paragraph at lines 115--115
\OT1/cmr/m/n/10.95 and tested reg-u-larly
 []


Underfull \hbox (badness 6364) in paragraph at lines 116--116
[]|\OT1/cmr/m/n/10.95 This met-rics is
 []


Underfull \hbox (badness 4673) in paragraph at lines 116--116
\OT1/cmr/m/n/10.95 the main-te-nance
 []


Underfull \hbox (badness 10000) in paragraph at lines 116--116
\OT1/cmr/m/n/10.95 and in-ci-dence
 []


Underfull \hbox (badness 10000) in paragraph at lines 116--116
\OT1/cmr/m/n/10.95 pol-icy of the
 []


Underfull \hbox (badness 10000) in paragraph at lines 116--116
\OT1/cmr/m/n/10.95 so-lu-tion de-sign,
 []


Underfull \hbox (badness 10000) in paragraph at lines 116--116
\OT1/cmr/m/n/10.95 along with the
 []


Underfull \hbox (badness 10000) in paragraph at lines 116--116
\OT1/cmr/m/n/10.95 tech-niques used
 []


Overfull \hbox (4.07178pt too wide) in paragraph at lines 97--118
 [][] 
 []


Overfull \hbox (2.52873pt too wide) in paragraph at lines 133--133
[]|\OT1/cmr/m/n/10.95 Accessibility| 
 []


Underfull \hbox (badness 3861) in paragraph at lines 134--134
[]|\OT1/cmr/m/n/10.95 The so-lu-tion re-quires
 []


Underfull \hbox (badness 1178) in paragraph at lines 134--134
\OT1/cmr/m/n/10.95 the stu-dent to im-ple-
 []


Underfull \hbox (badness 5681) in paragraph at lines 135--135
\OT1/cmr/m/n/10.95 down-loaded onto the
 []


Underfull \hbox (badness 1297) in paragraph at lines 136--136
\OT1/cmr/m/n/10.95 si-ble on Chrome, Sa-
 []


Underfull \hbox (badness 1603) in paragraph at lines 136--136
\OT1/cmr/m/n/10.95 fari, Edge, and Fire-
 []


Underfull \hbox (badness 1917) in paragraph at lines 137--137
\OT1/cmr/m/n/10.95 is the most ac-
 []


Underfull \hbox (badness 10000) in paragraph at lines 137--137
\OT1/cmr/m/n/10.95 ces-si-ble, since
 []


Underfull \hbox (badness 5008) in paragraph at lines 137--137
\OT1/cmr/m/n/10.95 stu-dents al-ready
 []


Underfull \hbox (badness 10000) in paragraph at lines 137--137
\OT1/cmr/m/n/10.95 use a browser
 []


Underfull \hbox (badness 10000) in paragraph at lines 137--137
\OT1/cmr/m/n/10.95 to ac-cess their
 []


Underfull \hbox (badness 10000) in paragraph at lines 137--137
\OT1/cmr/m/n/10.95 on-line ma-te-rial.
 []


Underfull \hbox (badness 10000) in paragraph at lines 137--137
\OT1/cmr/m/n/10.95 This keeps the
 []


Underfull \hbox (badness 10000) in paragraph at lines 137--137
\OT1/cmr/m/n/10.95 hard-ware re-
 []


Underfull \hbox (badness 10000) in paragraph at lines 137--137
\OT1/cmr/m/n/10.95 quire-ments of
 []


Underfull \hbox (badness 10000) in paragraph at lines 137--137
\OT1/cmr/m/n/10.95 al-low-ing more
 []


Overfull \hbox (5.17502pt too wide) in paragraph at lines 138--138
[]|\OT1/cmr/m/n/10.95 Organization| 
 []


Underfull \hbox (badness 4660) in paragraph at lines 139--139
[]|\OT1/cmr/m/n/10.95 The UI is con-fus-ing
 []


Underfull \hbox (badness 3148) in paragraph at lines 139--139
\OT1/cmr/m/n/10.95 ics. Hard to learn
 []


Underfull \hbox (badness 3281) in paragraph at lines 140--140
\OT1/cmr/m/n/10.95 for ease of use, de-
 []


Underfull \hbox (badness 6125) in paragraph at lines 141--141
[]|\OT1/cmr/m/n/10.95 The UI is in-tu-itive;
 []


Underfull \hbox (badness 10000) in paragraph at lines 142--143
[]|\OT1/cmr/m/n/10.95 Standards from
 []


Overfull \hbox (4.07178pt too wide) in paragraph at lines 126--150
 [][] 
 []

[4] [5] [6] (c:/Users\crobe\Desktop\ESC101\Assignments\DesignBrief\DesignBrief.bbl) [7] (c:/Users\crobe\Desktop\ESC101\Assignments\DesignBrief\DesignBrief.aux) ) 
Here is how much of TeX's memory you used:
 5270 strings out of 481165
 86302 string characters out of 2902091
 347119 words of memory out of 3000000
 20798 multiletter control sequences out of 15000+200000
 541950 words of font info for 53 fonts, out of 3000000 for 9000
 1141 hyphenation exceptions out of 8191
 55i,10n,97p,1239b,326s stack positions out of 5000i,500n,10000p,200000b,50000s
{C:/Users/crobe/AppData/Local/Programs/MiKTeX 2.9/fonts/enc/dvips/cm-super/cm-super-ts1.enc}<C:/Users/crobe/AppData/Local/Programs/MiKTeX 2.9/fonts/type1/public/amsfonts/cm/cmbx10.pfb><C:/Users/crobe/AppData/Local/Programs/MiKTeX 2.9/fonts/type1/public/amsfonts/cm/cmbx12.pfb><C:/Users/crobe/AppData/Local/Programs/MiKTeX 2.9/fonts/type1/public/amsfonts/cm/cmmi10.pfb><C:/Users/crobe/AppData/Local/Programs/MiKTeX 2.9/fonts/type1/public/amsfonts/cm/cmr10.pfb><C:/Users/crobe/AppData/Local/Programs/MiKTeX 2.9/fonts/type1/public/amsfonts/cm/cmr12.pfb><C:/Users/crobe/AppData/Local/Programs/MiKTeX 2.9/fonts/type1/public/amsfonts/cm/cmr17.pfb><C:/Users/crobe/AppData/Local/Programs/MiKTeX 2.9/fonts/type1/public/amsfonts/cm/cmsy10.pfb><C:/Users/crobe/AppData/Local/Programs/MiKTeX 2.9/fonts/type1/public/amsfonts/cm/cmti10.pfb><C:/Users/crobe/AppData/Local/Programs/MiKTeX 2.9/fonts/type1/public/cm-super/sfrm1095.pfb>
Output written on c:/Users\crobe\Desktop\ESC101\Assignments\DesignBrief\DesignBrief.pdf (7 pages, 259117 bytes).
PDF statistics:
 66 PDF objects out of 1000 (max. 8388607)
 0 named destinations out of 1000 (max. 500000)
 6 words of extra memory for PDF output out of 10000 (max. 10000000)

